2026-01-21T20:58:35.628750	mood=sad	reason=
2026-01-21T20:58:40.533716	mood=sad	reason=missing someone
2026-01-21T21:20:43.267716	mood=sad	reason=
2026-01-21T21:20:53.001235	mood=sad	reason=missing someone
2026-01-21T21:34:22.078853	mood=sad	reason=
2026-01-21T21:34:28.676470	mood=sad	reason=missing someone
2026-01-21T21:38:57.668373	mood=sad	reason=
2026-01-21T21:39:01.953943	mood=sad	reason=missing someone
2026-01-21T21:43:00.504421	mood=sad	reason=
2026-01-21T21:43:06.066161	mood=sad	reason=missing someone
2026-01-21T21:47:32.321333	mood=sad	reason=
2026-01-21T21:47:37.363825	mood=sad	reason=missing someone
2026-01-21T21:51:16.166756	mood=sad	reason=
2026-01-21T21:51:23.127557	mood=sad	reason=missing someone
2026-01-21T21:54:50.613966	mood=sad	reason=
2026-01-21T21:54:56.332858	mood=sad	reason=missing someone
2026-01-21T21:57:36.772330	mood=sad	reason=
2026-01-21T21:57:41.423927	mood=sad	reason=missing someone
2026-01-21T21:58:43.243803	mood=angry	reason=
2026-01-21T21:58:48.445589	mood=angry	reason=feeling ignored
2026-01-21T22:01:55.829225	mood=sad	reason=
2026-01-21T22:02:01.258056	mood=sad	reason=missing someone
2026-01-21T22:02:27.914236	mood=sad	reason=
2026-01-21T22:02:34.298566	mood=sad	reason=worrying about school
2026-01-21T22:03:04.483437	mood=angry	reason=
2026-01-21T22:03:11.296696	mood=angry	reason=feeling frustrated
2026-01-21T22:12:34.307073	mood=sad	reason=
2026-01-21T22:12:40.445085	mood=sad	reason=missing someone
2026-01-21T22:17:05.898612	mood=sad	reason=
2026-01-21T22:17:10.766206	mood=sad	reason=missing someone
